<?xml version="1.0" encoding="UTF-8"?>
<!-- Generated by org.testng.reporters.JUnitReportReporter -->
<testsuite skipped="0" hostname="Noah" name="Academy.ValidateText" tests="1" failures="0" timestamp="2021-04-21T16:15:12 IST" time="32.170" errors="0">
  <testcase name="ValidateText" time="32.170" classname="Academy.ValidateText"/>
  <system-out/>
</testsuite> <!-- Academy.ValidateText -->
