<?xml version="1.0" encoding="UTF-8"?>
<!-- Generated by org.testng.reporters.JUnitReportReporter -->
<testsuite skipped="0" hostname="Noah" name="Academy.ValidateTextTest" tests="1" failures="0" timestamp="2021-04-30T17:13:22 IST" time="1.650" errors="0">
  <testcase name="ValidateText" time="1.650" classname="Academy.ValidateTextTest"/>
  <system-out/>
</testsuite> <!-- Academy.ValidateTextTest -->
