<?xml version="1.0" encoding="UTF-8"?>
<!-- Generated by org.testng.reporters.JUnitReportReporter -->
<testsuite skipped="0" hostname="Noah" name="Academy.ValidateTextTest" tests="1" failures="0" timestamp="2021-04-30T16:41:36 IST" time="0.669" errors="0">
  <testcase name="ValidateText" time="0.669" classname="Academy.ValidateTextTest"/>
  <system-out/>
</testsuite> <!-- Academy.ValidateTextTest -->
